July 30, 2020, 12:06 am - Não foi possivel deletar os dados no banco(delete.php), erro no query
July 30, 2020, 12:13 am - Não foi possivel inserir os dados no banco(data.php), erro no query
July 30, 2020, 12:13 am - Não foi possivel alterar os dados no banco(update.php), erro no query
July 30, 2020, 12:15 am - Não foi possivel inserir os dados no banco(data.php), erro no query - Não foi possivel criar a conexão com o banco de dados(conexao.php), erro no connect
July 30, 2020, 12:19 am - Não foi possivel inserir os dados no banco(data.php), erro no query
July 30, 2020, 12:19 am - Não foi possivel criar a conexão com o banco de dados(conexao.php), erro no connect
July 30, 2020, 12:22 am - Não foi possivel inserir os dados no banco(data.php), erro no query
July 30, 2020, 12:25 am - Não foi possivel alterar os dados no banco(update.php), erro no query
July 30, 2020, 12:30 am - Não foi possivel inserir os dados no banco(data.php), erro no query
July 30, 2020, 12:38 am - Os campos obrigatorios não foram preenchidos(data.php)
July 30, 2020, 12:38 am - Não foi possivel inserir os dados no banco(data.php), erro no query
July 30, 2020, 12:43 am - Os campos obrigatorios não foram preenchidos(update.php)
July 30, 2020, 12:43 am - Não foi possivel alterar os dados no banco(update.php), erro no query
July 31, 2020, 10:11 am - Os campos obrigatorios não foram preenchidos(data.php)
July 31, 2020, 10:11 am - Não foi possivel inserir os dados no banco(data.php), erro no query
July 31, 2020, 10:11 am - Os campos obrigatorios não foram preenchidos(data.php)
July 31, 2020, 10:11 am - Não foi possivel inserir os dados no banco(data.php), erro no query
July 31, 2020, 10:11 am - Os campos obrigatorios não foram preenchidos(data.php)
July 31, 2020, 10:11 am - Não foi possivel inserir os dados no banco(data.php), erro no query
July 31, 2020, 10:47 am - Os campos obrigatorios não foram preenchidos(data.php)
July 31, 2020, 10:47 am - Não foi possivel inserir os dados no banco(data.php), erro no query
July 31, 2020, 3:55 pm - Não foi possivel deletar os dados no banco(delete.php), erro no query
July 31, 2020, 6:03 pm - Não foi possivel inserir os dados no banco(data.php), erro no query
July 31, 2020, 6:04 pm - Não foi possivel inserir os dados no banco(data.php), erro no query
July 31, 2020, 7:14 pm - Os campos obrigatorios não foram preenchidos(data.php)
July 31, 2020, 7:14 pm - Não foi possivel inserir os dados no banco(data.php), erro no query
July 31, 2020, 7:15 pm - Os campos obrigatorios não foram preenchidos(data.php)
July 31, 2020, 7:15 pm - Não foi possivel inserir os dados no banco(data.php), erro no query
July 31, 2020, 7:15 pm - Os campos obrigatorios não foram preenchidos(update.php)
July 31, 2020, 7:15 pm - Não foi possivel alterar os dados no banco(update.php), erro no query
July 31, 2020, 7:17 pm - Os campos obrigatorios não foram preenchidos(data.php)
July 31, 2020, 7:17 pm - Não foi possivel inserir os dados no banco(data.php), erro no query
July 31, 2020, 7:18 pm - Os campos obrigatorios não foram preenchidos(delete.php)
July 31, 2020, 7:18 pm - Não foi possivel deletar os dados no banco(delete.php), erro no query
July 31, 2020, 7:29 pm - Os campos obrigatorios não foram preenchidos(data.php)
July 31, 2020, 7:29 pm - Não foi possivel inserir os dados no banco(data.php), erro no query
